android/app/build/intermediates/manifest_merge_blame_file/debug/manifest-merger-blame-debug-report.txt
1<?xml version="1.0" encoding="utf-8"?>
2<manifest xmlns:android="http://schemas.android.com/apk/res/android"
3    package="com.emergency.aria"
4    android:versionCode="2"
5    android:versionName="2.0.0" >
6
7    <uses-sdk
8        android:minSdkVersion="26"
9        android:targetSdkVersion="34" />
10
11    <uses-permission android:name="android.permission.INTERNET" />
11-->src\main\AndroidManifest.xml:5:5-67
11-->src\main\AndroidManifest.xml:5:22-64
12    <uses-permission android:name="android.permission.ACCESS_FINE_LOCATION" />
12-->src\main\AndroidManifest.xml:6:5-79
12-->src\main\AndroidManifest.xml:6:22-76
13    <uses-permission android:name="android.permission.ACCESS_COARSE_LOCATION" />
13-->src\main\AndroidManifest.xml:7:5-81
13-->src\main\AndroidManifest.xml:7:22-78
14    <uses-permission android:name="android.permission.FOREGROUND_SERVICE" />
14-->src\main\AndroidManifest.xml:9:5-77
14-->src\main\AndroidManifest.xml:9:22-74
15    <uses-permission android:name="android.permission.FOREGROUND_SERVICE_LOCATION" />
15-->src\main\AndroidManifest.xml:10:5-86
15-->src\main\AndroidManifest.xml:10:22-83
16    <uses-permission android:name="android.permission.POST_NOTIFICATIONS" />
16-->src\main\AndroidManifest.xml:11:5-77
16-->src\main\AndroidManifest.xml:11:22-74
17    <uses-permission android:name="android.permission.BLUETOOTH_SCAN" />
17-->src\main\AndroidManifest.xml:13:5-73
17-->src\main\AndroidManifest.xml:13:22-70
18    <uses-permission android:name="android.permission.BLUETOOTH_ADVERTISE" />
18-->src\main\AndroidManifest.xml:14:5-78
18-->src\main\AndroidManifest.xml:14:22-75
19    <uses-permission android:name="android.permission.BLUETOOTH_CONNECT" />
19-->src\main\AndroidManifest.xml:15:5-76
19-->src\main\AndroidManifest.xml:15:22-73
20    <uses-permission android:name="android.permission.SEND_SMS" />
20-->src\main\AndroidManifest.xml:16:5-67
20-->src\main\AndroidManifest.xml:16:22-64
21    <uses-permission android:name="android.permission.READ_PHONE_STATE" />
21-->src\main\AndroidManifest.xml:18:5-75
21-->src\main\AndroidManifest.xml:18:22-72
22    <uses-permission android:name="android.permission.RECORD_AUDIO" />
22-->src\main\AndroidManifest.xml:19:5-71
22-->src\main\AndroidManifest.xml:19:22-68
23
24    <uses-feature
24-->src\main\AndroidManifest.xml:21:5-88
25        android:name="android.hardware.telephony"
25-->src\main\AndroidManifest.xml:21:19-60
26        android:required="false" />
26-->src\main\AndroidManifest.xml:21:61-85
27
28    <queries>
28-->[com.github.dhaval2404:imagepicker:2.1] AndroidManifest.xml:9:5-19:15
29
30        <!-- Query Camera Packages -->
31        <intent>
31-->[com.github.dhaval2404:imagepicker:2.1] AndroidManifest.xml:12:9-14:18
32            <action android:name="android.media.action.IMAGE_CAPTURE" />
32-->[com.github.dhaval2404:imagepicker:2.1] AndroidManifest.xml:13:13-73
32-->[com.github.dhaval2404:imagepicker:2.1] AndroidManifest.xml:13:21-70
33        </intent>
34        <!-- Query Open Document -->
35        <intent>
35-->[com.github.dhaval2404:imagepicker:2.1] AndroidManifest.xml:16:9-18:18
36            <action android:name="android.intent.action.OPEN_DOCUMENT_TREE" />
36-->[com.github.dhaval2404:imagepicker:2.1] AndroidManifest.xml:17:13-79
36-->[com.github.dhaval2404:imagepicker:2.1] AndroidManifest.xml:17:21-76
37        </intent>
38        <intent>
38-->[com.razorpay:checkout:1.6.33] AndroidManifest.xml:11:9-17:18
39            <action android:name="android.intent.action.VIEW" />
39-->[com.razorpay:checkout:1.6.33] AndroidManifest.xml:12:13-65
39-->[com.razorpay:checkout:1.6.33] AndroidManifest.xml:12:21-62
40
41            <data
41-->[com.razorpay:checkout:1.6.33] AndroidManifest.xml:14:13-16:38
42                android:mimeType="*/*"
42-->[com.razorpay:checkout:1.6.33] AndroidManifest.xml:15:17-39
43                android:scheme="*" />
43-->[com.razorpay:checkout:1.6.33] AndroidManifest.xml:16:17-35
44        </intent>
45        <intent>
45-->[com.razorpay:checkout:1.6.33] AndroidManifest.xml:18:9-27:18
46            <action android:name="android.intent.action.VIEW" />
46-->[com.razorpay:checkout:1.6.33] AndroidManifest.xml:12:13-65
46-->[com.razorpay:checkout:1.6.33] AndroidManifest.xml:12:21-62
47
48            <category android:name="android.intent.category.BROWSABLE" />
48-->[com.razorpay:checkout:1.6.33] AndroidManifest.xml:21:13-74
48-->[com.razorpay:checkout:1.6.33] AndroidManifest.xml:21:23-71
49
50            <data
50-->[com.razorpay:checkout:1.6.33] AndroidManifest.xml:14:13-16:38
51                android:host="pay"
52                android:mimeType="*/*"
52-->[com.razorpay:checkout:1.6.33] AndroidManifest.xml:15:17-39
53                android:scheme="upi" />
53-->[com.razorpay:checkout:1.6.33] AndroidManifest.xml:16:17-35
54        </intent>
55        <intent>
55-->[com.razorpay:checkout:1.6.33] AndroidManifest.xml:28:9-30:18
56            <action android:name="android.intent.action.MAIN" />
56-->src\main\AndroidManifest.xml:35:13-65
56-->src\main\AndroidManifest.xml:35:21-62
57        </intent>
58        <intent>
58-->[com.razorpay:checkout:1.6.33] AndroidManifest.xml:31:9-35:18
59            <action android:name="android.intent.action.SEND" />
59-->[com.razorpay:checkout:1.6.33] AndroidManifest.xml:32:13-65
59-->[com.razorpay:checkout:1.6.33] AndroidManifest.xml:32:21-62
60
61            <data android:mimeType="*/*" />
61-->[com.razorpay:checkout:1.6.33] AndroidManifest.xml:14:13-16:38
61-->[com.razorpay:checkout:1.6.33] AndroidManifest.xml:15:17-39
62        </intent>
63        <intent>
63-->[com.razorpay:checkout:1.6.33] AndroidManifest.xml:36:9-38:18
64            <action android:name="rzp.device_token.share" />
64-->[com.razorpay:checkout:1.6.33] AndroidManifest.xml:37:13-61
64-->[com.razorpay:checkout:1.6.33] AndroidManifest.xml:37:21-58
65        </intent> <!-- Needs to be explicitly declared on Android R+ -->
66        <package android:name="com.google.android.apps.maps" />
66-->[com.google.android.gms:play-services-maps:18.2.0] AndroidManifest.xml:33:9-64
66-->[com.google.android.gms:play-services-maps:18.2.0] AndroidManifest.xml:33:18-61
67    </queries> <!-- Include required permissions for Google Maps API to run. -->
68    <uses-permission android:name="android.permission.ACCESS_NETWORK_STATE" />
68-->[com.google.android.gms:play-services-maps:18.2.0] AndroidManifest.xml:23:5-79
68-->[com.google.android.gms:play-services-maps:18.2.0] AndroidManifest.xml:23:22-76
69
70    <uses-feature
70-->[com.google.android.gms:play-services-maps:18.2.0] AndroidManifest.xml:26:5-28:35
71        android:glEsVersion="0x00020000"
71-->[com.google.android.gms:play-services-maps:18.2.0] AndroidManifest.xml:27:9-41
72        android:required="true" />
72-->[com.google.android.gms:play-services-maps:18.2.0] AndroidManifest.xml:28:9-32
73
74    <uses-permission android:name="android.permission.WAKE_LOCK" />
74-->[androidx.work:work-runtime:2.9.0] AndroidManifest.xml:23:5-68
74-->[androidx.work:work-runtime:2.9.0] AndroidManifest.xml:23:22-65
75    <uses-permission android:name="android.permission.RECEIVE_BOOT_COMPLETED" />
75-->[androidx.work:work-runtime:2.9.0] AndroidManifest.xml:25:5-81
75-->[androidx.work:work-runtime:2.9.0] AndroidManifest.xml:25:22-78
76
77    <permission
77-->[androidx.core:core:1.12.0] AndroidManifest.xml:22:5-24:47
78        android:name="com.emergency.aria.DYNAMIC_RECEIVER_NOT_EXPORTED_PERMISSION"
78-->[androidx.core:core:1.12.0] AndroidManifest.xml:23:9-81
79        android:protectionLevel="signature" />
79-->[androidx.core:core:1.12.0] AndroidManifest.xml:24:9-44
80
81    <uses-permission android:name="com.emergency.aria.DYNAMIC_RECEIVER_NOT_EXPORTED_PERMISSION" />
81-->[androidx.core:core:1.12.0] AndroidManifest.xml:26:5-97
81-->[androidx.core:core:1.12.0] AndroidManifest.xml:26:22-94
82
83    <application
83-->src\main\AndroidManifest.xml:23:5-46:19
84        android:name="com.emergency.aria.AriaApplication"
84-->src\main\AndroidManifest.xml:24:9-40
85        android:allowBackup="true"
85-->src\main\AndroidManifest.xml:25:9-35
86        android:appComponentFactory="androidx.core.app.CoreComponentFactory"
86-->[androidx.core:core:1.12.0] AndroidManifest.xml:28:18-86
87        android:debuggable="true"
88        android:extractNativeLibs="true"
89        android:icon="@android:drawable/ic_dialog_alert"
89-->src\main\AndroidManifest.xml:26:9-57
90        android:label="Aria Emergency"
90-->src\main\AndroidManifest.xml:27:9-39
91        android:roundIcon="@android:drawable/ic_dialog_alert"
91-->src\main\AndroidManifest.xml:28:9-62
92        android:supportsRtl="true"
92-->src\main\AndroidManifest.xml:29:9-35
93        android:testOnly="true"
94        android:theme="@style/Theme.MaterialComponents.DayNight.NoActionBar"
94-->src\main\AndroidManifest.xml:30:9-77
95        android:usesCleartextTraffic="true" >
95-->src\main\AndroidManifest.xml:31:9-44
96        <activity
96-->src\main\AndroidManifest.xml:31:46-38:16
97            android:name="com.emergency.aria.ui.MainActivity"
97-->src\main\AndroidManifest.xml:32:9-40
98            android:exported="true" >
98-->src\main\AndroidManifest.xml:33:9-32
99            <intent-filter>
99-->src\main\AndroidManifest.xml:34:9-37:25
100                <action android:name="android.intent.action.MAIN" />
100-->src\main\AndroidManifest.xml:35:13-65
100-->src\main\AndroidManifest.xml:35:21-62
101
102                <category android:name="android.intent.category.LAUNCHER" />
102-->src\main\AndroidManifest.xml:36:13-73
102-->src\main\AndroidManifest.xml:36:23-70
103            </intent-filter>
104        </activity>
105
106        <service
106-->src\main\AndroidManifest.xml:40:9-44:56
107            android:name="com.emergency.aria.service.EmergencyBackgroundService"
107-->src\main\AndroidManifest.xml:41:13-63
108            android:enabled="true"
108-->src\main\AndroidManifest.xml:42:13-35
109            android:exported="false"
109-->src\main\AndroidManifest.xml:43:13-37
110            android:foregroundServiceType="location" />
110-->src\main\AndroidManifest.xml:44:13-53
111
112        <!--
113        Service for holding metadata. Cannot be instantiated.
114        Metadata will be merged from other manifests.
115        -->
116        <service
116-->[androidx.camera:camera-core:1.3.1] AndroidManifest.xml:29:9-33:78
117            android:name="androidx.camera.core.impl.MetadataHolderService"
117-->[androidx.camera:camera-core:1.3.1] AndroidManifest.xml:30:13-75
118            android:enabled="false"
118-->[androidx.camera:camera-core:1.3.1] AndroidManifest.xml:31:13-36
119            android:exported="false" >
119-->[androidx.camera:camera-core:1.3.1] AndroidManifest.xml:32:13-37
120            <meta-data
120-->[androidx.camera:camera-camera2:1.3.1] AndroidManifest.xml:30:13-32:89
121                android:name="androidx.camera.core.impl.MetadataHolderService.DEFAULT_CONFIG_PROVIDER"
121-->[androidx.camera:camera-camera2:1.3.1] AndroidManifest.xml:31:17-103
122                android:value="androidx.camera.camera2.Camera2Config$DefaultProvider" />
122-->[androidx.camera:camera-camera2:1.3.1] AndroidManifest.xml:32:17-86
123        </service>
124
125        <activity
125-->[com.github.dhaval2404:imagepicker:2.1] AndroidManifest.xml:22:9-25:68
126            android:name="com.github.dhaval2404.imagepicker.ImagePickerActivity"
126-->[com.github.dhaval2404:imagepicker:2.1] AndroidManifest.xml:23:13-81
127            android:screenOrientation="unspecified"
127-->[com.github.dhaval2404:imagepicker:2.1] AndroidManifest.xml:24:13-52
128            android:theme="@style/Theme.Transparent.ImagePicker" />
128-->[com.github.dhaval2404:imagepicker:2.1] AndroidManifest.xml:25:13-65
129        <activity
129-->[com.github.dhaval2404:imagepicker:2.1] AndroidManifest.xml:26:9-29:72
130            android:name="com.yalantis.ucrop.UCropActivity"
130-->[com.github.dhaval2404:imagepicker:2.1] AndroidManifest.xml:27:13-60
131            android:screenOrientation="portrait"
131-->[com.github.dhaval2404:imagepicker:2.1] AndroidManifest.xml:28:13-49
132            android:theme="@style/Theme.AppCompat.Light.NoActionBar" />
132-->[com.github.dhaval2404:imagepicker:2.1] AndroidManifest.xml:29:13-69
133
134        <provider
134-->[com.github.dhaval2404:imagepicker:2.1] AndroidManifest.xml:31:9-39:20
135            android:name="com.github.dhaval2404.imagepicker.ImagePickerFileProvider"
135-->[com.github.dhaval2404:imagepicker:2.1] AndroidManifest.xml:32:13-85
136            android:authorities="com.emergency.aria.imagepicker.provider"
136-->[com.github.dhaval2404:imagepicker:2.1] AndroidManifest.xml:33:13-72
137            android:exported="false"
137-->[com.github.dhaval2404:imagepicker:2.1] AndroidManifest.xml:34:13-37
138            android:grantUriPermissions="true" >
138-->[com.github.dhaval2404:imagepicker:2.1] AndroidManifest.xml:35:13-47
139            <meta-data
139-->[com.github.dhaval2404:imagepicker:2.1] AndroidManifest.xml:36:13-38:71
140                android:name="android.support.FILE_PROVIDER_PATHS"
140-->[com.github.dhaval2404:imagepicker:2.1] AndroidManifest.xml:37:17-67
141                android:resource="@xml/image_picker_provider_paths" />
141-->[com.github.dhaval2404:imagepicker:2.1] AndroidManifest.xml:38:17-68
142        </provider>
143
144        <service
144-->[com.google.android.gms:play-services-mlkit-face-detection:17.1.0] AndroidManifest.xml:9:9-15:19
145            android:name="com.google.mlkit.common.internal.MlKitComponentDiscoveryService"
145-->[com.google.android.gms:play-services-mlkit-face-detection:17.1.0] AndroidManifest.xml:10:13-91
146            android:directBootAware="true"
146-->[com.google.mlkit:common:18.10.0] AndroidManifest.xml:17:13-43
147            android:exported="false" >
147-->[com.google.android.gms:play-services-mlkit-face-detection:17.1.0] AndroidManifest.xml:11:13-37
148            <meta-data
148-->[com.google.android.gms:play-services-mlkit-face-detection:17.1.0] AndroidManifest.xml:12:13-14:85
149                android:name="com.google.firebase.components:com.google.mlkit.vision.face.internal.FaceRegistrar"
149-->[com.google.android.gms:play-services-mlkit-face-detection:17.1.0] AndroidManifest.xml:13:17-114
150                android:value="com.google.firebase.components.ComponentRegistrar" />
150-->[com.google.android.gms:play-services-mlkit-face-detection:17.1.0] AndroidManifest.xml:14:17-82
151            <meta-data
151-->[com.google.mlkit:vision-common:17.2.0] AndroidManifest.xml:12:13-14:85
152                android:name="com.google.firebase.components:com.google.mlkit.vision.common.internal.VisionCommonRegistrar"
152-->[com.google.mlkit:vision-common:17.2.0] AndroidManifest.xml:13:17-124
153                android:value="com.google.firebase.components.ComponentRegistrar" />
153-->[com.google.mlkit:vision-common:17.2.0] AndroidManifest.xml:14:17-82
154            <meta-data
154-->[com.google.mlkit:common:18.10.0] AndroidManifest.xml:20:13-22:85
155                android:name="com.google.firebase.components:com.google.mlkit.common.internal.CommonComponentRegistrar"
155-->[com.google.mlkit:common:18.10.0] AndroidManifest.xml:21:17-120
156                android:value="com.google.firebase.components.ComponentRegistrar" />
156-->[com.google.mlkit:common:18.10.0] AndroidManifest.xml:22:17-82
157        </service>
158
159        <provider
159-->[com.google.mlkit:common:18.10.0] AndroidManifest.xml:9:9-13:38
160            android:name="com.google.mlkit.common.internal.MlKitInitProvider"
160-->[com.google.mlkit:common:18.10.0] AndroidManifest.xml:10:13-78
161            android:authorities="com.emergency.aria.mlkitinitprovider"
161-->[com.google.mlkit:common:18.10.0] AndroidManifest.xml:11:13-69
162            android:exported="false"
162-->[com.google.mlkit:common:18.10.0] AndroidManifest.xml:12:13-37
163            android:initOrder="99" />
163-->[com.google.mlkit:common:18.10.0] AndroidManifest.xml:13:13-35
164
165        <receiver
165-->[com.razorpay:checkout:1.6.33] AndroidManifest.xml:42:9-49:20
166            android:name="com.razorpay.RzpTokenReceiver"
166-->[com.razorpay:checkout:1.6.33] AndroidManifest.xml:43:13-57
167            android:exported="true" >
167-->[com.razorpay:checkout:1.6.33] AndroidManifest.xml:44:13-36
168            <intent-filter>
168-->[com.razorpay:checkout:1.6.33] AndroidManifest.xml:46:13-48:29
169                <action android:name="rzp.device_token.share" />
169-->[com.razorpay:checkout:1.6.33] AndroidManifest.xml:37:13-61
169-->[com.razorpay:checkout:1.6.33] AndroidManifest.xml:37:21-58
170            </intent-filter>
171        </receiver>
172
173        <activity
173-->[com.razorpay:checkout:1.6.33] AndroidManifest.xml:51:9-59:20
174            android:name="com.razorpay.CheckoutActivity"
174-->[com.razorpay:checkout:1.6.33] AndroidManifest.xml:52:13-57
175            android:configChanges="keyboard|keyboardHidden|orientation|screenSize"
175-->[com.razorpay:checkout:1.6.33] AndroidManifest.xml:53:13-83
176            android:exported="true"
176-->[com.razorpay:checkout:1.6.33] AndroidManifest.xml:54:13-36
177            android:theme="@style/CheckoutTheme" >
177-->[com.razorpay:checkout:1.6.33] AndroidManifest.xml:55:13-49
178            <intent-filter>
178-->[com.razorpay:checkout:1.6.33] AndroidManifest.xml:56:13-58:29
179                <action android:name="android.intent.action.MAIN" />
179-->src\main\AndroidManifest.xml:35:13-65
179-->src\main\AndroidManifest.xml:35:21-62
180            </intent-filter>
181        </activity>
182
183        <meta-data
183-->[com.razorpay:checkout:1.6.33] AndroidManifest.xml:61:9-63:58
184            android:name="com.razorpay.plugin.googlepay_all"
184-->[com.razorpay:checkout:1.6.33] AndroidManifest.xml:62:13-61
185            android:value="com.razorpay.RzpGpayMerged" /> <!-- Needs to be explicitly declared on P+ -->
185-->[com.razorpay:checkout:1.6.33] AndroidManifest.xml:63:13-55
186        <uses-library
186-->[com.google.android.gms:play-services-maps:18.2.0] AndroidManifest.xml:39:9-41:40
187            android:name="org.apache.http.legacy"
187-->[com.google.android.gms:play-services-maps:18.2.0] AndroidManifest.xml:40:13-50
188            android:required="false" />
188-->[com.google.android.gms:play-services-maps:18.2.0] AndroidManifest.xml:41:13-37
189
190        <activity
190-->[com.google.android.gms:play-services-auth:17.0.0] AndroidManifest.xml:23:9-27:75
191            android:name="com.google.android.gms.auth.api.signin.internal.SignInHubActivity"
191-->[com.google.android.gms:play-services-auth:17.0.0] AndroidManifest.xml:24:13-93
192            android:excludeFromRecents="true"
192-->[com.google.android.gms:play-services-auth:17.0.0] AndroidManifest.xml:25:13-46
193            android:exported="false"
193-->[com.google.android.gms:play-services-auth:17.0.0] AndroidManifest.xml:26:13-37
194            android:theme="@android:style/Theme.Translucent.NoTitleBar" />
194-->[com.google.android.gms:play-services-auth:17.0.0] AndroidManifest.xml:27:13-72
195        <!--
196            Service handling Google Sign-In user revocation. For apps that do not integrate with
197            Google Sign-In, this service will never be started.
198        -->
199        <service
199-->[com.google.android.gms:play-services-auth:17.0.0] AndroidManifest.xml:33:9-36:110
200            android:name="com.google.android.gms.auth.api.signin.RevocationBoundService"
200-->[com.google.android.gms:play-services-auth:17.0.0] AndroidManifest.xml:34:13-89
201            android:exported="true"
201-->[com.google.android.gms:play-services-auth:17.0.0] AndroidManifest.xml:35:13-36
202            android:permission="com.google.android.gms.auth.api.signin.permission.REVOCATION_NOTIFICATION" />
202-->[com.google.android.gms:play-services-auth:17.0.0] AndroidManifest.xml:36:13-107
203
204        <activity
204-->[com.google.android.gms:play-services-base:18.1.0] AndroidManifest.xml:20:9-22:45
205            android:name="com.google.android.gms.common.api.GoogleApiActivity"
205-->[com.google.android.gms:play-services-base:18.1.0] AndroidManifest.xml:20:19-85
206            android:exported="false"
206-->[com.google.android.gms:play-services-base:18.1.0] AndroidManifest.xml:22:19-43
207            android:theme="@android:style/Theme.Translucent.NoTitleBar" />
207-->[com.google.android.gms:play-services-base:18.1.0] AndroidManifest.xml:21:19-78
208
209        <provider
209-->[androidx.emoji2:emoji2:1.2.0] AndroidManifest.xml:24:9-32:20
210            android:name="androidx.startup.InitializationProvider"
210-->[androidx.emoji2:emoji2:1.2.0] AndroidManifest.xml:25:13-67
211            android:authorities="com.emergency.aria.androidx-startup"
211-->[androidx.emoji2:emoji2:1.2.0] AndroidManifest.xml:26:13-68
212            android:exported="false" >
212-->[androidx.emoji2:emoji2:1.2.0] AndroidManifest.xml:27:13-37
213            <meta-data
213-->[androidx.emoji2:emoji2:1.2.0] AndroidManifest.xml:29:13-31:52
214                android:name="androidx.emoji2.text.EmojiCompatInitializer"
214-->[androidx.emoji2:emoji2:1.2.0] AndroidManifest.xml:30:17-75
215                android:value="androidx.startup" />
215-->[androidx.emoji2:emoji2:1.2.0] AndroidManifest.xml:31:17-49
216            <meta-data
216-->[androidx.work:work-runtime:2.9.0] AndroidManifest.xml:34:13-36:52
217                android:name="androidx.work.WorkManagerInitializer"
217-->[androidx.work:work-runtime:2.9.0] AndroidManifest.xml:35:17-68
218                android:value="androidx.startup" />
218-->[androidx.work:work-runtime:2.9.0] AndroidManifest.xml:36:17-49
219            <meta-data
219-->[androidx.lifecycle:lifecycle-process:2.7.0] AndroidManifest.xml:29:13-31:52
220                android:name="androidx.lifecycle.ProcessLifecycleInitializer"
220-->[androidx.lifecycle:lifecycle-process:2.7.0] AndroidManifest.xml:30:17-78
221                android:value="androidx.startup" />
221-->[androidx.lifecycle:lifecycle-process:2.7.0] AndroidManifest.xml:31:17-49
222            <meta-data
222-->[androidx.profileinstaller:profileinstaller:1.3.0] AndroidManifest.xml:29:13-31:52
223                android:name="androidx.profileinstaller.ProfileInstallerInitializer"
223-->[androidx.profileinstaller:profileinstaller:1.3.0] AndroidManifest.xml:30:17-85
224                android:value="androidx.startup" />
224-->[androidx.profileinstaller:profileinstaller:1.3.0] AndroidManifest.xml:31:17-49
225        </provider>
226
227        <service
227-->[androidx.work:work-runtime:2.9.0] AndroidManifest.xml:39:9-45:35
228            android:name="androidx.work.impl.background.systemalarm.SystemAlarmService"
228-->[androidx.work:work-runtime:2.9.0] AndroidManifest.xml:40:13-88
229            android:directBootAware="false"
229-->[androidx.work:work-runtime:2.9.0] AndroidManifest.xml:41:13-44
230            android:enabled="@bool/enable_system_alarm_service_default"
230-->[androidx.work:work-runtime:2.9.0] AndroidManifest.xml:42:13-72
231            android:exported="false" />
231-->[androidx.work:work-runtime:2.9.0] AndroidManifest.xml:43:13-37
232        <service
232-->[androidx.work:work-runtime:2.9.0] AndroidManifest.xml:46:9-52:35
233            android:name="androidx.work.impl.background.systemjob.SystemJobService"
233-->[androidx.work:work-runtime:2.9.0] AndroidManifest.xml:47:13-84
234            android:directBootAware="false"
234-->[androidx.work:work-runtime:2.9.0] AndroidManifest.xml:48:13-44
235            android:enabled="@bool/enable_system_job_service_default"
235-->[androidx.work:work-runtime:2.9.0] AndroidManifest.xml:49:13-70
236            android:exported="true"
236-->[androidx.work:work-runtime:2.9.0] AndroidManifest.xml:50:13-36
237            android:permission="android.permission.BIND_JOB_SERVICE" />
237-->[androidx.work:work-runtime:2.9.0] AndroidManifest.xml:51:13-69
238        <service
238-->[androidx.work:work-runtime:2.9.0] AndroidManifest.xml:53:9-59:35
239            android:name="androidx.work.impl.foreground.SystemForegroundService"
239-->[androidx.work:work-runtime:2.9.0] AndroidManifest.xml:54:13-81
240            android:directBootAware="false"
240-->[androidx.work:work-runtime:2.9.0] AndroidManifest.xml:55:13-44
241            android:enabled="@bool/enable_system_foreground_service_default"
241-->[androidx.work:work-runtime:2.9.0] AndroidManifest.xml:56:13-77
242            android:exported="false" />
242-->[androidx.work:work-runtime:2.9.0] AndroidManifest.xml:57:13-37
243
244        <receiver
244-->[androidx.work:work-runtime:2.9.0] AndroidManifest.xml:61:9-66:35
245            android:name="androidx.work.impl.utils.ForceStopRunnable$BroadcastReceiver"
245-->[androidx.work:work-runtime:2.9.0] AndroidManifest.xml:62:13-88
246            android:directBootAware="false"
246-->[androidx.work:work-runtime:2.9.0] AndroidManifest.xml:63:13-44
247            android:enabled="true"
247-->[androidx.work:work-runtime:2.9.0] AndroidManifest.xml:64:13-35
248            android:exported="false" />
248-->[androidx.work:work-runtime:2.9.0] AndroidManifest.xml:65:13-37
249        <receiver
249-->[androidx.work:work-runtime:2.9.0] AndroidManifest.xml:67:9-77:20
250            android:name="androidx.work.impl.background.systemalarm.ConstraintProxy$BatteryChargingProxy"
250-->[androidx.work:work-runtime:2.9.0] AndroidManifest.xml:68:13-106
251            android:directBootAware="false"
251-->[androidx.work:work-runtime:2.9.0] AndroidManifest.xml:69:13-44
252            android:enabled="false"
252-->[androidx.work:work-runtime:2.9.0] AndroidManifest.xml:70:13-36
253            android:exported="false" >
253-->[androidx.work:work-runtime:2.9.0] AndroidManifest.xml:71:13-37
254            <intent-filter>
254-->[androidx.work:work-runtime:2.9.0] AndroidManifest.xml:73:13-76:29
255                <action android:name="android.intent.action.ACTION_POWER_CONNECTED" />
255-->[androidx.work:work-runtime:2.9.0] AndroidManifest.xml:74:17-87
255-->[androidx.work:work-runtime:2.9.0] AndroidManifest.xml:74:25-84
256                <action android:name="android.intent.action.ACTION_POWER_DISCONNECTED" />
256-->[androidx.work:work-runtime:2.9.0] AndroidManifest.xml:75:17-90
256-->[androidx.work:work-runtime:2.9.0] AndroidManifest.xml:75:25-87
257            </intent-filter>
258        </receiver>
259        <receiver
259-->[androidx.work:work-runtime:2.9.0] AndroidManifest.xml:78:9-88:20
260            android:name="androidx.work.impl.background.systemalarm.ConstraintProxy$BatteryNotLowProxy"
260-->[androidx.work:work-runtime:2.9.0] AndroidManifest.xml:79:13-104
261            android:directBootAware="false"
261-->[androidx.work:work-runtime:2.9.0] AndroidManifest.xml:80:13-44
262            android:enabled="false"
262-->[androidx.work:work-runtime:2.9.0] AndroidManifest.xml:81:13-36
263            android:exported="false" >
263-->[androidx.work:work-runtime:2.9.0] AndroidManifest.xml:82:13-37
264            <intent-filter>
264-->[androidx.work:work-runtime:2.9.0] AndroidManifest.xml:84:13-87:29
265                <action android:name="android.intent.action.BATTERY_OKAY" />
265-->[androidx.work:work-runtime:2.9.0] AndroidManifest.xml:85:17-77
265-->[androidx.work:work-runtime:2.9.0] AndroidManifest.xml:85:25-74
266                <action android:name="android.intent.action.BATTERY_LOW" />
266-->[androidx.work:work-runtime:2.9.0] AndroidManifest.xml:86:17-76
266-->[androidx.work:work-runtime:2.9.0] AndroidManifest.xml:86:25-73
267            </intent-filter>
268        </receiver>
269        <receiver
269-->[androidx.work:work-runtime:2.9.0] AndroidManifest.xml:89:9-99:20
270            android:name="androidx.work.impl.background.systemalarm.ConstraintProxy$StorageNotLowProxy"
270-->[androidx.work:work-runtime:2.9.0] AndroidManifest.xml:90:13-104
271            android:directBootAware="false"
271-->[androidx.work:work-runtime:2.9.0] AndroidManifest.xml:91:13-44
272            android:enabled="false"
272-->[androidx.work:work-runtime:2.9.0] AndroidManifest.xml:92:13-36
273            android:exported="false" >
273-->[androidx.work:work-runtime:2.9.0] AndroidManifest.xml:93:13-37
274            <intent-filter>
274-->[androidx.work:work-runtime:2.9.0] AndroidManifest.xml:95:13-98:29
275                <action android:name="android.intent.action.DEVICE_STORAGE_LOW" />
275-->[androidx.work:work-runtime:2.9.0] AndroidManifest.xml:96:17-83
275-->[androidx.work:work-runtime:2.9.0] AndroidManifest.xml:96:25-80
276                <action android:name="android.intent.action.DEVICE_STORAGE_OK" />
276-->[androidx.work:work-runtime:2.9.0] AndroidManifest.xml:97:17-82
276-->[androidx.work:work-runtime:2.9.0] AndroidManifest.xml:97:25-79
277            </intent-filter>
278        </receiver>
279        <receiver
279-->[androidx.work:work-runtime:2.9.0] AndroidManifest.xml:100:9-109:20
280            android:name="androidx.work.impl.background.systemalarm.ConstraintProxy$NetworkStateProxy"
280-->[androidx.work:work-runtime:2.9.0] AndroidManifest.xml:101:13-103
281            android:directBootAware="false"
281-->[androidx.work:work-runtime:2.9.0] AndroidManifest.xml:102:13-44
282            android:enabled="false"
282-->[androidx.work:work-runtime:2.9.0] AndroidManifest.xml:103:13-36
283            android:exported="false" >
283-->[androidx.work:work-runtime:2.9.0] AndroidManifest.xml:104:13-37
284            <intent-filter>
284-->[androidx.work:work-runtime:2.9.0] AndroidManifest.xml:106:13-108:29
285                <action android:name="android.net.conn.CONNECTIVITY_CHANGE" />
285-->[androidx.work:work-runtime:2.9.0] AndroidManifest.xml:107:17-79
285-->[androidx.work:work-runtime:2.9.0] AndroidManifest.xml:107:25-76
286            </intent-filter>
287        </receiver>
288        <receiver
288-->[androidx.work:work-runtime:2.9.0] AndroidManifest.xml:110:9-121:20
289            android:name="androidx.work.impl.background.systemalarm.RescheduleReceiver"